Watching for file changes with StatReloader
Waiting for apps ready_event.
Apps ready_event triggered. Sending autoreload_started signal.
Watching dir /home/vanshgoel/Vansh/Code/Web/Django/resume_parser/registration/templates with glob **/*.
Watching dir /home/vanshgoel/Vansh/Code/Web/Django/resume_parser/locale with glob **/*.mo.
Watching dir /home/vanshgoel/Vansh/Code/Web/Django/resume_parser/resume_parser/locale with glob **/*.mo.
File /usr/lib/python3.12/mimetypes.py first seen with mtime 1713863767.0
File /usr/lib/python3.12/weakref.py first seen with mtime 1713863767.0
File /usr/lib/python3.12/site-packages/cryptography/hazmat/backends/__init__.py first seen with mtime 1715330755.0
File /usr/lib/python3.12/re/_constants.py first seen with mtime 1713863767.0
File /usr/lib/python3.12/site-packages/django/contrib/messages/storage/base.py first seen with mtime 1712213523.0
File /usr/lib/python3.12/gzip.py first seen with mtime 1713863767.0
File /usr/lib/python3.12/gettext.py first seen with mtime 1713863767.0
File /usr/lib/python3.12/site-packages/cryptography/hazmat/primitives/ciphers/modes.py first seen with mtime 1715330755.0
File /usr/lib/python3.12/site-packages/django/contrib/admin/models.py first seen with mtime 1712213523.0
File /usr/lib/python3.12/lib-dynload/_hashlib.cpython-312-x86_64-linux-gnu.so first seen with mtime 1713863767.0
File /usr/lib/python3.12/pickle.py first seen with mtime 1713863767.0
File /usr/lib/python3.12/site-packages/django/core/handlers/exception.py first seen with mtime 1712213523.0
File /usr/lib/python3.12/site-packages/pymysql/optionfile.py first seen with mtime 1712351615.0
File /usr/lib/python3.12/site-packages/django/db/models/sql/constants.py first seen with mtime 1712213523.0
File /usr/lib/python3.12/lib-dynload/_random.cpython-312-x86_64-linux-gnu.so first seen with mtime 1713863767.0
File /usr/lib/python3.12/site-packages/sqlparse/keywords.py first seen with mtime 1712213292.0
File /usr/lib/python3.12/site-packages/django/db/migrations/state.py first seen with mtime 1712213523.0
File /usr/lib/python3.12/glob.py first seen with mtime 1713863767.0
File /usr/lib/python3.12/site-packages/pymysql/constants/SERVER_STATUS.py first seen with mtime 1712351615.0
File /usr/lib/python3.12/decimal.py first seen with mtime 1713863767.0
File /usr/lib/python3.12/site-packages/django/forms/boundfield.py first seen with mtime 1712213523.0
File /usr/lib/python3.12/email/policy.py first seen with mtime 1713863767.0
File /usr/lib/python3.12/site-packages/django/core/handlers/wsgi.py first seen with mtime 1712213523.0
File /usr/lib/python3.12/email/quoprimime.py first seen with mtime 1713863767.0
File /usr/lib/python3.12/shutil.py first seen with mtime 1713863767.0
File /usr/lib/python3.12/lib-dynload/_uuid.cpython-312-x86_64-linux-gnu.so first seen with mtime 1713863767.0
File /usr/lib/python3.12/site-packages/django/templatetags/i18n.py first seen with mtime 1712213523.0
File /usr/lib/python3.12/typing.py first seen with mtime 1713863767.0
File /usr/lib/python3.12/http/client.py first seen with mtime 1713863767.0
File /usr/lib/python3.12/site-packages/django/urls/__init__.py first seen with mtime 1712213523.0
File /usr/lib/python3.12/site-packages/django/template/engine.py first seen with mtime 1712213523.0
File /usr/lib/python3.12/site-packages/django/contrib/admin/templatetags/admin_list.py first seen with mtime 1712213523.0
File /usr/lib/python3.12/encodings/aliases.py first seen with mtime 1713863767.0
File /usr/lib/python3.12/site-packages/django/utils/html.py first seen with mtime 1712213523.0
File /usr/lib/python3.12/types.py first seen with mtime 1713863767.0
File /usr/lib/python3.12/site-packages/django/core/files/storage/filesystem.py first seen with mtime 1712213523.0
File /usr/lib/python3.12/site-packages/django/template/loaders/base.py first seen with mtime 1712213523.0
File /usr/lib/python3.12/site-packages/django/core/exceptions.py first seen with mtime 1712213523.0
File /usr/lib/python3.12/site-packages/django/contrib/admin/actions.py first seen with mtime 1712213523.0
File /usr/lib/python3.12/site-packages/django/contrib/messages/utils.py first seen with mtime 1712213523.0
File /usr/lib/python3.12/site-packages/django/utils/termcolors.py first seen with mtime 1712213523.0
File /usr/lib/python3.12/site-packages/django/db/migrations/operations/models.py first seen with mtime 1712213523.0
File /usr/lib/python3.12/opcode.py first seen with mtime 1713863767.0
File /usr/lib/python3.12/site-packages/django/db/models/functions/text.py first seen with mtime 1712213523.0
File /usr/lib/python3.12/site-packages/django/core/files/storage/mixins.py first seen with mtime 1712213523.0
File /usr/lib/python3.12/lib-dynload/select.cpython-312-x86_64-linux-gnu.so first seen with mtime 1713863767.0
File /usr/lib/python3.12/site-packages/cryptography/hazmat/primitives/asymmetric/rsa.py first seen with mtime 1715330755.0
File /usr/lib/python3.12/email/__init__.py first seen with mtime 1713863767.0
File /usr/lib/python3.12/re/_compiler.py first seen with mtime 1713863767.0
File /usr/lib/python3.12/socketserver.py first seen with mtime 1713863767.0
File /usr/lib/python3.12/site-packages/cryptography/hazmat/primitives/_serialization.py first seen with mtime 1715330755.0
File /usr/lib/python3.12/asyncio/transports.py first seen with mtime 1713863767.0
File /usr/lib/python3.12/site-packages/django/core/files/locks.py first seen with mtime 1712213523.0
File /usr/lib/python3.12/wsgiref/__init__.py first seen with mtime 1713863767.0
File /usr/lib/python3.12/email/mime/message.py first seen with mtime 1713863767.0
File /home/vanshgoel/Vansh/Code/Web/Django/resume_parser/registration/__init__.py first seen with mtime 1716116842.5909972
File /usr/lib/python3.12/collections/__init__.py first seen with mtime 1713863767.0
File /usr/lib/python3.12/site-packages/django/http/__init__.py first seen with mtime 1712213523.0
File /home/vanshgoel/Vansh/Code/Web/Django/resume_parser/registration/forms.py first seen with mtime 1716122951.0417824
File /usr/lib/python3.12/site-packages/django/contrib/staticfiles/checks.py first seen with mtime 1712213523.0
File /usr/lib/python3.12/email/charset.py first seen with mtime 1713863767.0
File /usr/lib/python3.12/asyncio/staggered.py first seen with mtime 1713863767.0
File /usr/lib/python3.12/site-packages/django/core/__init__.py first seen with mtime 1712213523.0
File /usr/lib/python3.12/site-packages/django/core/checks/security/sessions.py first seen with mtime 1712213523.0
File /usr/lib/python3.12/lib-dynload/math.cpython-312-x86_64-linux-gnu.so first seen with mtime 1713863767.0
File /usr/lib/python3.12/wsgiref/headers.py first seen with mtime 1713863767.0
File /usr/lib/python3.12/site-packages/cryptography/hazmat/primitives/asymmetric/__init__.py first seen with mtime 1715330755.0
File /usr/lib/python3.12/site-packages/pymysql/__init__.py first seen with mtime 1712351615.0
File /usr/lib/python3.12/site-packages/django/utils/datastructures.py first seen with mtime 1712213523.0
File /usr/lib/python3.12/site-packages/django/contrib/sessions/apps.py first seen with mtime 1712213523.0
File /usr/lib/python3.12/fnmatch.py first seen with mtime 1713863767.0
File /usr/lib/python3.12/inspect.py first seen with mtime 1713863767.0
File /usr/lib/python3.12/site-packages/pymysql/constants/__init__.py first seen with mtime 1712351615.0
File /usr/lib/python3.12/site-packages/django/contrib/auth/models.py first seen with mtime 1712213523.0
File /usr/lib/python3.12/site-packages/sqlparse/filters/reindent.py first seen with mtime 1712213292.0
File /usr/lib/python3.12/site-packages/django/core/cache/__init__.py first seen with mtime 1712213523.0
File /usr/lib/python3.12/site-packages/django/contrib/staticfiles/management/__init__.py first seen with mtime 1712213523.0
File /usr/lib/python3.12/encodings/utf_8.py first seen with mtime 1713863767.0
File /usr/lib/python3.12/site-packages/cryptography/hazmat/primitives/asymmetric/dsa.py first seen with mtime 1715330755.0
File /usr/lib/python3.12/warnings.py first seen with mtime 1713863767.0
File /usr/lib/python3.12/site-packages/django/db/migrations/operations/__init__.py first seen with mtime 1712213523.0
File /usr/lib/python3.12/_markupbase.py first seen with mtime 1713863767.0
File /usr/lib/python3.12/tokenize.py first seen with mtime 1713863767.0
File /usr/lib/python3.12/lib-dynload/_bz2.cpython-312-x86_64-linux-gnu.so first seen with mtime 1713863767.0
File /usr/lib/python3.12/site-packages/django/core/files/temp.py first seen with mtime 1712213523.0
File /usr/lib/python3.12/site-packages/django/forms/widgets.py first seen with mtime 1712213523.0
File /usr/lib/python3.12/urllib/error.py first seen with mtime 1713863767.0
File /usr/lib/python3.12/site-packages/pymysql/constants/CLIENT.py first seen with mtime 1712351615.0
File /usr/lib/python3.12/asyncio/__init__.py first seen with mtime 1713863767.0
File /usr/lib/python3.12/site-packages/django/contrib/admin/widgets.py first seen with mtime 1712213523.0
File /usr/lib/python3.12/queue.py first seen with mtime 1713863767.0
File /usr/lib/python3.12/asyncio/locks.py first seen with mtime 1713863767.0
File /usr/lib/python3.12/lib-dynload/binascii.cpython-312-x86_64-linux-gnu.so first seen with mtime 1713863767.0
File /usr/lib/python3.12/site-packages/django/templatetags/tz.py first seen with mtime 1712213523.0
File /usr/lib/python3.12/site-packages/django/db/models/functions/math.py first seen with mtime 1712213523.0
File /usr/lib/python3.12/site-packages/django/db/backends/base/client.py first seen with mtime 1712213523.0
File /usr/lib/python3.12/asyncio/base_tasks.py first seen with mtime 1713863767.0
File /usr/lib/python3.12/site-packages/django/core/checks/__init__.py first seen with mtime 1712213523.0
File /usr/lib/python3.12/site-packages/django/db/transaction.py first seen with mtime 1712213523.0
File /usr/lib/python3.12/site-packages/django/forms/formsets.py first seen with mtime 1712213523.0
File /usr/lib/python3.12/site-packages/django/utils/translation/__init__.py first seen with mtime 1712213523.0
File /usr/lib/python3.12/site-packages/django/contrib/contenttypes/management/__init__.py first seen with mtime 1712213523.0
File /usr/lib/python3.12/site-packages/django/core/wsgi.py first seen with mtime 1712213523.0
File /usr/lib/python3.12/textwrap.py first seen with mtime 1713863767.0
File /usr/lib/python3.12/urllib/request.py first seen with mtime 1713863767.0
File /home/vanshgoel/Vansh/Code/Web/Django/resume_parser/resume_parser/__init__.py first seen with mtime 1716124514.144726
File /usr/lib/python3.12/subprocess.py first seen with mtime 1713863767.0
File /usr/lib/python3.12/asyncio/log.py first seen with mtime 1713863767.0
File /usr/lib/python3.12/site-packages/django/utils/inspect.py first seen with mtime 1712213523.0
File /usr/lib/python3.12/site-packages/sqlparse/filters/output.py first seen with mtime 1712213292.0
File /usr/lib/python3.12/site-packages/django/contrib/staticfiles/__init__.py first seen with mtime 1712213523.0
File /usr/lib/python3.12/pkgutil.py first seen with mtime 1713863767.0
File /usr/lib/python3.12/site-packages/django/urls/converters.py first seen with mtime 1712213523.0
File /usr/lib/python3.12/site-packages/django/db/migrations/operations/base.py first seen with mtime 1712213523.0
File /usr/lib/python3.12/_sysconfigdata__linux_x86_64-linux-gnu.py first seen with mtime 1713863767.0
File /usr/lib/python3.12/zoneinfo/_common.py first seen with mtime 1713863767.0
File /usr/lib/python3.12/asyncio/events.py first seen with mtime 1713863767.0
File /usr/lib/python3.12/site-packages/django/core/serializers/json.py first seen with mtime 1712213523.0
File /usr/lib/python3.12/zoneinfo/__init__.py first seen with mtime 1713863767.0
File /usr/lib/python3.12/site-packages/django/db/models/sql/query.py first seen with mtime 1712213523.0
File /usr/lib/python3.12/enum.py first seen with mtime 1713863767.0
File /usr/lib/python3.12/site-packages/django/template/loader_tags.py first seen with mtime 1712213523.0
File /usr/lib/python3.12/site-packages/django/contrib/auth/checks.py first seen with mtime 1712213523.0
File /usr/lib/python3.12/site-packages/django/contrib/admin/views/__init__.py first seen with mtime 1712213523.0
File /usr/lib/python3.12/locale.py first seen with mtime 1713863767.0
File /usr/lib/python3.12/site-packages/django/utils/functional.py first seen with mtime 1712213523.0
File /usr/lib/python3.12/site-packages/django/template/context.py first seen with mtime 1712213523.0
File /usr/lib/python3.12/asyncio/selector_events.py first seen with mtime 1713863767.0
File /usr/lib/python3.12/site-packages/django/core/cache/backends/__init__.py first seen with mtime 1712213523.0
File /usr/lib/python3.12/site-packages/django/contrib/contenttypes/views.py first seen with mtime 1712213523.0
File /usr/lib/python3.12/site-packages/django/urls/resolvers.py first seen with mtime 1712213523.0
File /usr/lib/python3.12/site-packages/bcrypt/__init__.py first seen with mtime 1712289512.0
File /usr/lib/python3.12/site-packages/sqlparse/filters/others.py first seen with mtime 1712213292.0
File /usr/lib/python3.12/site-packages/cryptography/__init__.py first seen with mtime 1715330755.0
File /usr/lib/python3.12/site-packages/django/template/loaders/filesystem.py first seen with mtime 1712213523.0
File /usr/lib/python3.12/site-packages/django/utils/deprecation.py first seen with mtime 1712213523.0
File /usr/lib/python3.12/site-packages/django/template/defaulttags.py first seen with mtime 1712213523.0
File /usr/lib/python3.12/email/parser.py first seen with mtime 1713863767.0
File /usr/lib/python3.12/site-packages/pymysql/charset.py first seen with mtime 1712351615.0
File /usr/lib/python3.12/site-packages/django/contrib/auth/management/__init__.py first seen with mtime 1712213523.0
File /usr/lib/python3.12/site-packages/sqlparse/filters/right_margin.py first seen with mtime 1712213292.0
File /usr/lib/python3.12/site-packages/django/db/models/sql/__init__.py first seen with mtime 1712213523.0
File /usr/lib/python3.12/site-packages/django/utils/connection.py first seen with mtime 1712213523.0
File /usr/lib/python3.12/lib-dynload/_struct.cpython-312-x86_64-linux-gnu.so first seen with mtime 1713863767.0
File /usr/lib/python3.12/struct.py first seen with mtime 1713863767.0
File /usr/lib/python3.12/calendar.py first seen with mtime 1713863767.0
File /usr/lib/python3.12/asyncio/protocols.py first seen with mtime 1713863767.0
File /usr/lib/python3.12/site-packages/cryptography/hazmat/primitives/asymmetric/ed25519.py first seen with mtime 1715330755.0
File /usr/lib/python3.12/site-packages/cryptography/hazmat/primitives/hashes.py first seen with mtime 1715330755.0
File /usr/lib/python3.12/site-packages/sqlparse/engine/statement_splitter.py first seen with mtime 1712213292.0
File /usr/lib/python3.12/site-packages/asgiref/current_thread_executor.py first seen with mtime 1712213287.0
File /usr/lib/python3.12/site-packages/django/contrib/auth/password_validation.py first seen with mtime 1712213523.0
File /usr/lib/python3.12/site-packages/django/db/models/enums.py first seen with mtime 1712213523.0
File /usr/lib/python3.12/lib-dynload/_lzma.cpython-312-x86_64-linux-gnu.so first seen with mtime 1713863767.0
File /usr/lib/python3.12/site-packages/django/views/debug.py first seen with mtime 1712213523.0
File /usr/lib/python3.12/site-packages/django/forms/fields.py first seen with mtime 1712213523.0
File /usr/lib/python3.12/email/_header_value_parser.py first seen with mtime 1713863767.0
File /usr/lib/python3.12/lib-dynload/_ssl.cpython-312-x86_64-linux-gnu.so first seen with mtime 1713863767.0
File /usr/lib/python3.12/site-packages/django/middleware/__init__.py first seen with mtime 1712213523.0
File /usr/lib/python3.12/token.py first seen with mtime 1713863767.0
File /usr/lib/python3.12/site-packages/sqlparse/sql.py first seen with mtime 1712213292.0
File /usr/lib/python3.12/site-packages/django/contrib/sites/shortcuts.py first seen with mtime 1712213523.0
File /usr/lib/python3.12/site-packages/django/utils/translation/reloader.py first seen with mtime 1712213523.0
File /usr/lib/python3.12/site-packages/cryptography/hazmat/primitives/asymmetric/utils.py first seen with mtime 1715330755.0
File /usr/lib/python3.12/site-packages/sqlparse/engine/filter_stack.py first seen with mtime 1712213292.0
File /usr/lib/python3.12/site-packages/django/core/management/__init__.py first seen with mtime 1712213523.0
File /usr/lib/python3.12/site-packages/django/utils/ipv6.py first seen with mtime 1712213523.0
File /usr/lib/python3.12/site-packages/django/utils/asyncio.py first seen with mtime 1712213523.0
File /usr/lib/python3.12/site-packages/sqlparse/formatter.py first seen with mtime 1712213292.0
File /usr/lib/python3.12/site-packages/django/db/models/functions/datetime.py first seen with mtime 1712213523.0
File /usr/lib/python3.12/site-packages/django/db/backends/ddl_references.py first seen with mtime 1712213523.0
File /usr/lib/python3.12/site-packages/django/contrib/staticfiles/handlers.py first seen with mtime 1712213523.0
File /usr/lib/python3.12/site-packages/django/core/cache/backends/base.py first seen with mtime 1712213523.0
File /usr/lib/python3.12/string.py first seen with mtime 1713863767.0
File /usr/lib/python3.12/lib-dynload/_decimal.cpython-312-x86_64-linux-gnu.so first seen with mtime 1713863767.0
File /usr/lib/python3.12/site-packages/django/db/__init__.py first seen with mtime 1712213523.0
File /usr/lib/python3.12/asyncio/tasks.py first seen with mtime 1713863767.0
File /usr/lib/python3.12/site-packages/django/forms/__init__.py first seen with mtime 1712213523.0
File /usr/lib/python3.12/site-packages/django/contrib/auth/forms.py first seen with mtime 1712213523.0
File /usr/lib/python3.12/site-packages/django/utils/translation/trans_real.py first seen with mtime 1712213523.0
File /usr/lib/python3.12/site-packages/django/core/files/utils.py first seen with mtime 1712213523.0
File /usr/lib/python3.12/site-packages/django/db/models/sql/datastructures.py first seen with mtime 1712213523.0
File /usr/lib/python3.12/site-packages/django/db/backends/mysql/creation.py first seen with mtime 1712213523.0
File /usr/lib/python3.12/lib-dynload/unicodedata.cpython-312-x86_64-linux-gnu.so first seen with mtime 1713863767.0
File /usr/lib/python3.12/site-packages/django/views/generic/base.py first seen with mtime 1712213523.0
File /usr/lib/python3.12/socket.py first seen with mtime 1713863767.0
File /usr/lib/python3.12/site-packages/django/db/migrations/utils.py first seen with mtime 1712213523.0
File /usr/lib/python3.12/site-packages/django/db/models/constraints.py first seen with mtime 1712213523.0
File /usr/lib/python3.12/site-packages/django/views/decorators/debug.py first seen with mtime 1712213523.0
File /usr/lib/python3.12/site-packages/django/contrib/staticfiles/management/commands/runserver.py first seen with mtime 1712213523.0
File /usr/lib/python3.12/site-packages/asgiref/__init__.py first seen with mtime 1712213287.0
File /usr/lib/python3.12/site-packages/django/views/i18n.py first seen with mtime 1712213523.0
File /usr/lib/python3.12/site-packages/asgiref/local.py first seen with mtime 1712213287.0
File /usr/lib/python3.12/site-packages/django/db/backends/utils.py first seen with mtime 1712213523.0
File /usr/lib/python3.12/site-packages/django/conf/global_settings.py first seen with mtime 1712213523.0
File /usr/lib/python3.12/site-packages/django/db/models/__init__.py first seen with mtime 1712213523.0
File /usr/lib/python3.12/asyncio/base_subprocess.py first seen with mtime 1713863767.0
File /usr/lib/python3.12/site-packages/django/views/decorators/cache.py first seen with mtime 1712213523.0
File /usr/lib/python3.12/site-packages/django/views/decorators/common.py first seen with mtime 1712213523.0
File /usr/lib/python3.12/site-packages/django/contrib/admin/utils.py first seen with mtime 1712213523.0
File /usr/lib/python3.12/asyncio/unix_events.py first seen with mtime 1713863767.0
File /usr/lib/python3.12/pprint.py first seen with mtime 1713863767.0
File /usr/lib/python3.12/site-packages/sqlparse/filters/__init__.py first seen with mtime 1712213292.0
File /usr/lib/python3.12/site-packages/django/apps/__init__.py first seen with mtime 1712213523.0
File /usr/lib/python3.12/site-packages/django/core/handlers/base.py first seen with mtime 1712213523.0
File /usr/lib/python3.12/site-packages/django/db/backends/base/features.py first seen with mtime 1712213523.0
File /usr/lib/python3.12/site-packages/django/db/backends/mysql/base.py first seen with mtime 1712213523.0
File /usr/lib/python3.12/site-packages/django/utils/timezone.py first seen with mtime 1712213523.0
File /usr/lib/python3.12/site-packages/django/views/decorators/csrf.py first seen with mtime 1712213523.0
File /usr/lib/python3.12/email/errors.py first seen with mtime 1713863767.0
File /usr/lib/python3.12/site-packages/django/utils/itercompat.py first seen with mtime 1712213523.0
File /usr/lib/python3.12/contextvars.py first seen with mtime 1713863767.0
File /usr/lib/python3.12/site-packages/django/db/backends/base/__init__.py first seen with mtime 1712213523.0
File /usr/lib/python3.12/site-packages/django/views/generic/edit.py first seen with mtime 1712213523.0
File /usr/lib/python3.12/site-packages/django/template/loader.py first seen with mtime 1712213523.0
File /usr/lib/python3.12/site-packages/cryptography/__about__.py first seen with mtime 1715330755.0
File /usr/lib/python3.12/site-packages/django/contrib/staticfiles/apps.py first seen with mtime 1712213523.0
File /usr/lib/python3.12/site-packages/django/utils/topological_sort.py first seen with mtime 1712213523.0
File /home/vanshgoel/Vansh/Code/Web/Django/resume_parser/registration/models.py first seen with mtime 1716124695.5005417
File /usr/lib/python3.12/site-packages/django/core/checks/urls.py first seen with mtime 1712213523.0
File /usr/lib/python3.12/site-packages/django/utils/deconstruct.py first seen with mtime 1712213523.0
File /usr/lib/python3.12/lib-dynload/_zoneinfo.cpython-312-x86_64-linux-gnu.so first seen with mtime 1713863767.0
File /usr/lib/python3.12/asyncio/format_helpers.py first seen with mtime 1713863767.0
File /usr/lib/python3.12/site-packages/django/core/signals.py first seen with mtime 1712213523.0
File /usr/lib/python3.12/site-packages/django/db/backends/mysql/__init__.py first seen with mtime 1712213523.0
File /usr/lib/python3.12/bz2.py first seen with mtime 1713863767.0
File /usr/lib/python3.12/operator.py first seen with mtime 1713863767.0
File /usr/lib/python3.12/site-packages/django/utils/duration.py first seen with mtime 1712213523.0
File /usr/lib/python3.12/site-packages/django/utils/__init__.py first seen with mtime 1712213523.0
File /usr/lib/python3.12/site-packages/django/core/handlers/asgi.py first seen with mtime 1712213523.0
File /usr/lib/python3.12/lzma.py first seen with mtime 1713863767.0
File /usr/lib/python3.12/urllib/__init__.py first seen with mtime 1713863767.0
File /usr/lib/python3.12/site-packages/django/dispatch/__init__.py first seen with mtime 1712213523.0
File /usr/lib/python3.12/site-packages/asgiref/sync.py first seen with mtime 1712213287.0
File /usr/lib/python3.12/site-packages/django/contrib/admin/templatetags/admin_modify.py first seen with mtime 1712213523.0
File /usr/lib/python3.12/site-packages/sqlparse/tokens.py first seen with mtime 1712213292.0
File /usr/lib/python3.12/site-packages/django/contrib/sites/requests.py first seen with mtime 1712213523.0
File /usr/lib/python3.12/site-packages/django/contrib/admin/__init__.py first seen with mtime 1712213523.0
File /usr/lib/python3.12/site-packages/django/contrib/messages/api.py first seen with mtime 1712213523.0
File /home/vanshgoel/Vansh/Code/Web/Django/resume_parser/registration/views.py first seen with mtime 1716132652.803299
File /usr/lib/python3.12/email/mime/__init__.py first seen with mtime 1713863767.0
File /usr/lib/python3.12/_compression.py first seen with mtime 1713863767.0
File /usr/lib/python3.12/site-packages/django/db/backends/mysql/validation.py first seen with mtime 1712213523.0
File /usr/lib/python3.12/site-packages/django/views/__init__.py first seen with mtime 1712213523.0
File /usr/lib/python3.12/site-packages/django/forms/renderers.py first seen with mtime 1712213523.0
File /usr/lib/python3.12/site-packages/django/contrib/admin/filters.py first seen with mtime 1712213523.0
File /home/vanshgoel/Vansh/Code/Web/Django/resume_parser/resume_parser/settings.py first seen with mtime 1716132705.207283
File /usr/lib/python3.12/concurrent/futures/__init__.py first seen with mtime 1713863767.0
File /usr/lib/python3.12/json/encoder.py first seen with mtime 1713863767.0
File /usr/lib/python3.12/lib-dynload/_queue.cpython-312-x86_64-linux-gnu.so first seen with mtime 1713863767.0
File /usr/lib/python3.12/site-packages/django/core/serializers/python.py first seen with mtime 1712213523.0
File /usr/lib/python3.12/lib-dynload/termios.cpython-312-x86_64-linux-gnu.so first seen with mtime 1713863767.0
File /usr/lib/python3.12/site-packages/django/core/checks/compatibility/django_4_0.py first seen with mtime 1712213523.0
File /usr/lib/python3.12/site-packages/django/template/backends/__init__.py first seen with mtime 1712213523.0
File /usr/lib/python3.12/site-packages/django/utils/hashable.py first seen with mtime 1712213523.0
File /usr/lib/python3.12/site-packages/django/middleware/csrf.py first seen with mtime 1712213523.0
File /usr/lib/python3.12/lib-dynload/_json.cpython-312-x86_64-linux-gnu.so first seen with mtime 1713863767.0
File /usr/lib/python3.12/site-packages/cryptography/exceptions.py first seen with mtime 1715330755.0
File /usr/lib/python3.12/site-packages/django/contrib/admin/templatetags/base.py first seen with mtime 1712213523.0
File /usr/lib/python3.12/email/base64mime.py first seen with mtime 1713863767.0
File /usr/lib/python3.12/site-packages/cryptography/hazmat/primitives/_asymmetric.py first seen with mtime 1715330755.0
File /usr/lib/python3.12/site-packages/sqlparse/engine/grouping.py first seen with mtime 1712213292.0
File /usr/lib/python3.12/collections/abc.py first seen with mtime 1713863767.0
File /usr/lib/python3.12/asyncio/base_events.py first seen with mtime 1713863767.0
File /usr/lib/python3.12/site-packages/django/db/models/fields/mixins.py first seen with mtime 1712213523.0
File /usr/lib/python3.12/site-packages/cryptography/hazmat/_oid.py first seen with mtime 1715330755.0
File /usr/lib/python3.12/site-packages/pymysql/_auth.py first seen with mtime 1712351615.0
File /usr/lib/python3.12/asyncio/threads.py first seen with mtime 1713863767.0
File /usr/lib/python3.12/ast.py first seen with mtime 1713863767.0
File /usr/lib/python3.12/site-packages/django/utils/timesince.py first seen with mtime 1712213523.0
File /usr/lib/python3.12/lib-dynload/_pickle.cpython-312-x86_64-linux-gnu.so first seen with mtime 1713863767.0
File /usr/lib/python3.12/site-packages/django/db/models/fields/json.py first seen with mtime 1712213523.0
File /usr/lib/python3.12/site-packages/django/db/backends/mysql/introspection.py first seen with mtime 1712213523.0
File /usr/lib/python3.12/asyncio/coroutines.py first seen with mtime 1713863767.0
File /usr/lib/python3.12/site-packages/django/core/files/images.py first seen with mtime 1712213523.0
File /usr/lib/python3.12/email/mime/base.py first seen with mtime 1713863767.0
File /usr/lib/python3.12/site-packages/django/template/loaders/app_directories.py first seen with mtime 1712213523.0
File /usr/lib/python3.12/email/iterators.py first seen with mtime 1713863767.0
File /usr/lib/python3.12/site-packages/django/contrib/staticfiles/finders.py first seen with mtime 1712213523.0
File /usr/lib/python3.12/site-packages/django/contrib/contenttypes/forms.py first seen with mtime 1712213523.0
File /usr/lib/python3.12/site-packages/django/templatetags/cache.py first seen with mtime 1712213523.0
File /usr/lib/python3.12/site-packages/django/utils/decorators.py first seen with mtime 1712213523.0
File /usr/lib/python3.12/threading.py first seen with mtime 1713863767.0
File /usr/lib/python3.12/site-packages/django/utils/tree.py first seen with mtime 1712213523.0
File /usr/lib/python3.12/hashlib.py first seen with mtime 1713863767.0
File /usr/lib/python3.12/site-packages/django/contrib/staticfiles/views.py first seen with mtime 1712213523.0
File /usr/lib/python3.12/secrets.py first seen with mtime 1713863767.0
File /usr/lib/python3.12/site-packages/django/utils/safestring.py first seen with mtime 1712213523.0
File /usr/lib/python3.12/site-packages/django/core/checks/caches.py first seen with mtime 1712213523.0
File /usr/lib/python3.12/email/message.py first seen with mtime 1713863767.0
File /usr/lib/python3.12/site-packages/django/middleware/cache.py first seen with mtime 1712213523.0
File /usr/lib/python3.12/dis.py first seen with mtime 1713863767.0
File /usr/lib/python3.12/site-packages/_cffi_backend.cpython-312-x86_64-linux-gnu.so first seen with mtime 1712171737.0
File /usr/lib/python3.12/site-packages/django/core/mail/utils.py first seen with mtime 1712213523.0
File /usr/lib/python3.12/linecache.py first seen with mtime 1713863767.0
File /usr/lib/python3.12/contextlib.py first seen with mtime 1713863767.0
File /usr/lib/python3.12/site-packages/django/urls/conf.py first seen with mtime 1712213523.0
File /usr/lib/python3.12/site-packages/django/core/checks/translation.py first seen with mtime 1712213523.0
File /usr/lib/python3.12/site-packages/django/contrib/auth/validators.py first seen with mtime 1712213523.0
File /usr/lib/python3.12/site-packages/django/core/files/storage/__init__.py first seen with mtime 1712213523.0
File /usr/lib/python3.12/site-packages/django/db/models/constants.py first seen with mtime 1712213523.0
File /usr/lib/python3.12/site-packages/django/db/backends/base/base.py first seen with mtime 1712213523.0
File /usr/lib/python3.12/site-packages/django/db/backends/mysql/features.py first seen with mtime 1712213523.0
File /usr/lib/python3.12/site-packages/django/views/generic/__init__.py first seen with mtime 1712213523.0
File /usr/lib/python3.12/site-packages/django/views/generic/detail.py first seen with mtime 1712213523.0
File /usr/lib/python3.12/datetime.py first seen with mtime 1713863767.0
File /usr/lib/python3.12/site-packages/django/db/models/fields/proxy.py first seen with mtime 1712213523.0
File /usr/lib/python3.12/site-packages/django/http/multipartparser.py first seen with mtime 1712213523.0
File /usr/lib/python3.12/site-packages/django/template/backends/django.py first seen with mtime 1712213523.0
File /usr/lib/python3.12/site-packages/django/db/models/fields/files.py first seen with mtime 1712213523.0
File /usr/lib/python3.12/re/_parser.py first seen with mtime 1713863767.0
File /usr/lib/python3.12/asyncio/subprocess.py first seen with mtime 1713863767.0
File /usr/lib/python3.12/site-packages/django/db/models/sql/subqueries.py first seen with mtime 1712213523.0
File /usr/lib/python3.12/site-packages/django/core/management/base.py first seen with mtime 1712213523.0
File /usr/lib/python3.12/site-packages/cryptography/hazmat/bindings/__init__.py first seen with mtime 1715330755.0
File /usr/lib/python3.12/site-packages/django/conf/__init__.py first seen with mtime 1712213523.0
File /usr/lib/python3.12/email/encoders.py first seen with mtime 1713863767.0
File /usr/lib/python3.12/site-packages/django/db/models/deletion.py first seen with mtime 1712213523.0
File /usr/lib/python3.12/site-packages/django/db/migrations/operations/special.py first seen with mtime 1712213523.0
File /usr/lib/python3.12/platform.py first seen with mtime 1713863767.0
File /usr/lib/python3.12/site-packages/pymysql/cursors.py first seen with mtime 1712351615.0
File /usr/lib/python3.12/site-packages/django/core/checks/messages.py first seen with mtime 1712213523.0
File /usr/lib/python3.12/site-packages/django/contrib/auth/admin.py first seen with mtime 1712213523.0
File /usr/lib/python3.12/site-packages/django/views/static.py first seen with mtime 1712213523.0
File /usr/lib/python3.12/lib-dynload/_opcode.cpython-312-x86_64-linux-gnu.so first seen with mtime 1713863767.0
File /usr/lib/python3.12/site-packages/django/db/models/utils.py first seen with mtime 1712213523.0
File /usr/lib/python3.12/site-packages/django/contrib/contenttypes/__init__.py first seen with mtime 1712213523.0
File /usr/lib/python3.12/site-packages/django/contrib/contenttypes/fields.py first seen with mtime 1712213523.0
File /usr/lib/python3.12/http/cookies.py first seen with mtime 1713863767.0
File /usr/lib/python3.12/lib-dynload/_heapq.cpython-312-x86_64-linux-gnu.so first seen with mtime 1713863767.0
File /usr/lib/python3.12/site-packages/django/contrib/contenttypes/models.py first seen with mtime 1712213523.0
File /usr/lib/python3.12/email/feedparser.py first seen with mtime 1713863767.0
File /usr/lib/python3.12/site-packages/django/utils/http.py first seen with mtime 1712213523.0
File /usr/lib/python3.12/difflib.py first seen with mtime 1713863767.0
File /usr/lib/python3.12/site-packages/django/core/files/base.py first seen with mtime 1712213523.0
File /usr/lib/python3.12/pathlib.py first seen with mtime 1713863767.0
File /usr/lib/python3.12/site-packages/django/db/migrations/migration.py first seen with mtime 1712213523.0
File /usr/lib/python3.12/site-packages/django/db/models/base.py first seen with mtime 1712213523.0
File /usr/lib/python3.12/site-packages/django/utils/formats.py first seen with mtime 1712213523.0
File /usr/lib/python3.12/ipaddress.py first seen with mtime 1713863767.0
File /usr/lib/python3.12/site-packages/cryptography/hazmat/__init__.py first seen with mtime 1715330755.0
File /usr/lib/python3.12/ssl.py first seen with mtime 1713863767.0
File /usr/lib/python3.12/lib-dynload/_datetime.cpython-312-x86_64-linux-gnu.so first seen with mtime 1713863767.0
File /usr/lib/python3.12/site-packages/django/core/checks/registry.py first seen with mtime 1712213523.0
File /usr/lib/python3.12/site-packages/django/utils/dateparse.py first seen with mtime 1712213523.0
File /usr/lib/python3.12/lib-dynload/_posixsubprocess.cpython-312-x86_64-linux-gnu.so first seen with mtime 1713863767.0
File /usr/lib/python3.12/site-packages/django/contrib/messages/storage/__init__.py first seen with mtime 1712213523.0
File /usr/lib/python3.12/site-packages/django/core/files/uploadedfile.py first seen with mtime 1712213523.0
File /usr/lib/python3.12/site-packages/django/forms/models.py first seen with mtime 1712213523.0
File /usr/lib/python3.12/site-packages/django/core/files/__init__.py first seen with mtime 1712213523.0
File /usr/lib/python3.12/site-packages/django/utils/text.py first seen with mtime 1712213523.0
File /usr/lib/python3.12/tempfile.py first seen with mtime 1713863767.0
File /usr/lib/python3.12/copy.py first seen with mtime 1713863767.0
File /usr/lib/python3.12/site-packages/django/template/base.py first seen with mtime 1712213523.0
File /usr/lib/python3.12/site-packages/sqlparse/__init__.py first seen with mtime 1712213292.0
File /usr/lib/python3.12/site-packages/django/contrib/auth/__init__.py first seen with mtime 1712213523.0
File /usr/lib/python3.12/logging/__init__.py first seen with mtime 1713863767.0
File /usr/lib/python3.12/site-packages/django/contrib/admin/decorators.py first seen with mtime 1712213523.0
File /usr/lib/python3.12/hmac.py first seen with mtime 1713863767.0
File /usr/lib/python3.12/site-packages/cryptography/hazmat/primitives/serialization/ssh.py first seen with mtime 1715330755.0
File /usr/lib/python3.12/site-packages/django/contrib/admin/templatetags/log.py first seen with mtime 1712213523.0
File /usr/lib/python3.12/site-packages/pymysql/protocol.py first seen with mtime 1712351615.0
File /usr/lib/python3.12/site-packages/django/db/models/functions/mixins.py first seen with mtime 1712213523.0
File /usr/lib/python3.12/site-packages/django/urls/base.py first seen with mtime 1712213523.0
File /usr/lib/python3.12/bisect.py first seen with mtime 1713863767.0
File /usr/lib/python3.12/site-packages/django/core/checks/async_checks.py first seen with mtime 1712213523.0
File /usr/lib/python3.12/site-packages/django/http/response.py first seen with mtime 1712213523.0
File /usr/lib/python3.12/site-packages/django/contrib/admin/templatetags/__init__.py first seen with mtime 1712213523.0
File /usr/lib/python3.12/site-packages/django/db/models/indexes.py first seen with mtime 1712213523.0
File /usr/lib/python3.12/site-packages/django/db/backends/mysql/operations.py first seen with mtime 1712213523.0
File /usr/lib/python3.12/site-packages/django/contrib/sites/__init__.py first seen with mtime 1712213523.0
File /usr/lib/python3.12/email/_parseaddr.py first seen with mtime 1713863767.0
File /usr/lib/python3.12/site-packages/django/forms/forms.py first seen with mtime 1712213523.0
File /usr/lib/python3.12/site-packages/django/db/utils.py first seen with mtime 1712213523.0
File /usr/lib/python3.12/site-packages/django/db/models/expressions.py first seen with mtime 1712213523.0
File /usr/lib/python3.12/_compat_pickle.py first seen with mtime 1713863767.0
File /usr/lib/python3.12/email/_encoded_words.py first seen with mtime 1713863767.0
File /usr/lib/python3.12/email/utils.py first seen with mtime 1713863767.0
File /usr/lib/python3.12/site-packages/django/utils/numberformat.py first seen with mtime 1712213523.0
File /usr/lib/python3.12/site-packages/django/conf/locale/__init__.py first seen with mtime 1712213523.0
File /usr/lib/python3.12/site-packages/django/utils/log.py first seen with mtime 1712213523.0
File /usr/lib/python3.12/concurrent/__init__.py first seen with mtime 1713863767.0
File /usr/lib/python3.12/html/parser.py first seen with mtime 1713863767.0
File /usr/lib/python3.12/site-packages/django/contrib/messages/constants.py first seen with mtime 1712213523.0
File /usr/lib/python3.12/site-packages/cryptography/hazmat/primitives/ciphers/__init__.py first seen with mtime 1715330755.0
File /usr/lib/python3.12/site-packages/django/utils/autoreload.py first seen with mtime 1712213523.0
File /usr/lib/python3.12/site-packages/django/db/models/fields/reverse_related.py first seen with mtime 1712213523.0
File /usr/lib/python3.12/site-packages/django/contrib/messages/__init__.py first seen with mtime 1712213523.0
File /usr/lib/python3.12/site-packages/django/shortcuts.py first seen with mtime 1712213523.0
File /usr/lib/python3.12/zoneinfo/_tzpath.py first seen with mtime 1713863767.0
File /usr/lib/python3.12/site-packages/django/db/models/query.py first seen with mtime 1712213523.0
File /usr/lib/python3.12/email/contentmanager.py first seen with mtime 1713863767.0
File /usr/lib/python3.12/site-packages/django/utils/lorem_ipsum.py first seen with mtime 1712213523.0
File /usr/lib/python3.12/email/header.py first seen with mtime 1713863767.0
File /usr/lib/python3.12/site-packages/django/db/backends/mysql/client.py first seen with mtime 1712213523.0
File /usr/lib/python3.12/site-packages/django/db/backends/mysql/schema.py first seen with mtime 1712213523.0
File /usr/lib/python3.12/site-packages/django/core/files/uploadhandler.py first seen with mtime 1712213523.0
File /usr/lib/python3.12/random.py first seen with mtime 1713863767.0
File /usr/lib/python3.12/argparse.py first seen with mtime 1713863767.0
File /usr/lib/python3.12/site-packages/django/contrib/contenttypes/checks.py first seen with mtime 1712213523.0
File /usr/lib/python3.12/email/_policybase.py first seen with mtime 1713863767.0
File /usr/lib/python3.12/dataclasses.py first seen with mtime 1713863767.0
File /usr/lib/python3.12/site-packages/django/contrib/staticfiles/management/commands/__init__.py first seen with mtime 1712213523.0
File /usr/lib/python3.12/site-packages/django/core/checks/templates.py first seen with mtime 1712213523.0
File /usr/lib/python3.12/site-packages/django/contrib/contenttypes/apps.py first seen with mtime 1712213523.0
File /usr/lib/python3.12/site-packages/django/db/models/options.py first seen with mtime 1712213523.0
File /usr/lib/python3.12/email/generator.py first seen with mtime 1713863767.0
File /usr/lib/python3.12/asyncio/sslproto.py first seen with mtime 1713863767.0
File /usr/lib/python3.12/json/decoder.py first seen with mtime 1713863767.0
File /usr/lib/python3.12/site-packages/django/core/checks/model_checks.py first seen with mtime 1712213523.0
File /usr/lib/python3.12/site-packages/django/db/models/functions/window.py first seen with mtime 1712213523.0
File /usr/lib/python3.12/site-packages/django/views/generic/list.py first seen with mtime 1712213523.0
File /usr/lib/python3.12/logging/config.py first seen with mtime 1713863767.0
File /usr/lib/python3.12/traceback.py first seen with mtime 1713863767.0
File /usr/lib/python3.12/site-packages/django/contrib/admin/views/autocomplete.py first seen with mtime 1712213523.0
File /usr/lib/python3.12/site-packages/django/contrib/admin/exceptions.py first seen with mtime 1712213523.0
File /usr/lib/python3.12/site-packages/sqlparse/engine/__init__.py first seen with mtime 1712213292.0
File /usr/lib/python3.12/site-packages/django/utils/module_loading.py first seen with mtime 1712213523.0
File /usr/lib/python3.12/site-packages/sqlparse/utils.py first seen with mtime 1712213292.0
File /usr/lib/python3.12/asyncio/base_futures.py first seen with mtime 1713863767.0
File /usr/lib/python3.12/site-packages/pymysql/times.py first seen with mtime 1712351615.0
File /usr/lib/python3.12/site-packages/django/core/serializers/__init__.py first seen with mtime 1712213523.0
File /usr/lib/python3.12/site-packages/django/templatetags/__init__.py first seen with mtime 1712213523.0
File /usr/lib/python3.12/site-packages/django/db/migrations/exceptions.py first seen with mtime 1712213523.0
File /usr/lib/python3.12/site-packages/cryptography/hazmat/bindings/_rust.cpython-312-x86_64-linux-gnu.so first seen with mtime 1715330755.0
File /usr/lib/python3.12/site-packages/cryptography/hazmat/primitives/serialization/__init__.py first seen with mtime 1715330755.0
File /usr/lib/python3.12/lib-dynload/zlib.cpython-312-x86_64-linux-gnu.so first seen with mtime 1713863767.0
File /usr/lib/python3.12/site-packages/django/utils/dates.py first seen with mtime 1712213523.0
File /usr/lib/python3.12/site-packages/django/core/mail/__init__.py first seen with mtime 1712213523.0
File /usr/lib/python3.12/logging/handlers.py first seen with mtime 1713863767.0
File /usr/lib/python3.12/site-packages/django/db/models/fields/related.py first seen with mtime 1712213523.0
File /usr/lib/python3.12/site-packages/cryptography/utils.py first seen with mtime 1715330755.0
File /usr/lib/python3.12/site-packages/sqlparse/cli.py first seen with mtime 1712213292.0
File /usr/lib/python3.12/site-packages/django/template/__init__.py first seen with mtime 1712213523.0
File /usr/lib/python3.12/urllib/response.py first seen with mtime 1713863767.0
File /usr/lib/python3.12/site-packages/django/db/models/lookups.py first seen with mtime 1712213523.0
File /usr/lib/python3.12/site-packages/django/db/models/functions/comparison.py first seen with mtime 1712213523.0
File /usr/lib/python3.12/site-packages/django/db/models/manager.py first seen with mtime 1712213523.0
File /usr/lib/python3.12/site-packages/cryptography/hazmat/primitives/ciphers/base.py first seen with mtime 1715330755.0
File /usr/lib/python3.12/site-packages/django/views/decorators/__init__.py first seen with mtime 1712213523.0
File /usr/lib/python3.12/site-packages/django/utils/_os.py first seen with mtime 1712213523.0
File /usr/lib/python3.12/site-packages/django/urls/utils.py first seen with mtime 1712213523.0
File /usr/lib/python3.12/asyncio/futures.py first seen with mtime 1713863767.0
File /usr/lib/python3.12/site-packages/django/core/serializers/base.py first seen with mtime 1712213523.0
File /usr/lib/python3.12/site-packages/pymysql/connections.py first seen with mtime 1712351615.0
File /usr/lib/python3.12/site-packages/cryptography/hazmat/primitives/__init__.py first seen with mtime 1715330755.0
File /usr/lib/python3.12/site-packages/django/template/loaders/__init__.py first seen with mtime 1712213523.0
File /usr/lib/python3.12/site-packages/django/db/models/fields/__init__.py first seen with mtime 1712213523.0
File /usr/lib/python3.12/site-packages/django/forms/utils.py first seen with mtime 1712213523.0
File /usr/lib/python3.12/wsgiref/simple_server.py first seen with mtime 1713863767.0
File /usr/lib/python3.12/_weakrefset.py first seen with mtime 1713863767.0
File /usr/lib/python3.12/site-packages/django/contrib/sessions/models.py first seen with mtime 1712213523.0
File /usr/lib/python3.12/encodings/__init__.py first seen with mtime 1713863767.0
File /usr/lib/python3.12/functools.py first seen with mtime 1713863767.0
File /usr/lib/python3.12/numbers.py first seen with mtime 1713863767.0
File /usr/lib/python3.12/site-packages/django/utils/regex_helper.py first seen with mtime 1712213523.0
File /usr/lib/python3.12/site-packages/django/contrib/admin/views/main.py first seen with mtime 1712213523.0
File /usr/lib/python3.12/site-packages/_distutils_hack/__init__.py first seen with mtime 1713729744.0
File /usr/lib/python3.12/site-packages/django/db/models/signals.py first seen with mtime 1712213523.0
File /usr/lib/python3.12/asyncio/mixins.py first seen with mtime 1713863767.0
File /usr/lib/python3.12/site-packages/django/core/servers/__init__.py first seen with mtime 1712213523.0
File /usr/lib/python3.12/base64.py first seen with mtime 1713863767.0
File /usr/lib/python3.12/site-packages/pymysql/err.py first seen with mtime 1712351615.0
File /usr/lib/python3.12/site-packages/django/core/validators.py first seen with mtime 1712213523.0
File /usr/lib/python3.12/site-packages/django/urls/exceptions.py first seen with mtime 1712213523.0
File /usr/lib/python3.12/site-packages/django/core/checks/security/__init__.py first seen with mtime 1712213523.0
File /usr/lib/python3.12/site-packages/pymysql/constants/COMMAND.py first seen with mtime 1712351615.0
File /usr/lib/python3.12/site-packages/django/templatetags/l10n.py first seen with mtime 1712213523.0
File /usr/lib/python3.12/site-packages/django/core/files/move.py first seen with mtime 1712213523.0
File /usr/lib/python3.12/site-packages/sqlparse/filters/aligned_indent.py first seen with mtime 1712213292.0
File /usr/lib/python3.12/site-packages/django/contrib/admin/options.py first seen with mtime 1712213523.0
File /usr/lib/python3.12/site-packages/django/contrib/auth/base_user.py first seen with mtime 1712213523.0
File /usr/lib/python3.12/site-packages/django/core/cache/utils.py first seen with mtime 1712213523.0
File /usr/lib/python3.12/html/__init__.py first seen with mtime 1713863767.0
File /usr/lib/python3.12/getpass.py first seen with mtime 1713863767.0
File /usr/lib/python3.12/site-packages/django/db/models/fields/related_descriptors.py first seen with mtime 1712213523.0
File /usr/lib/python3.12/lib-dynload/_socket.cpython-312-x86_64-linux-gnu.so first seen with mtime 1713863767.0
File /usr/lib/python3.12/site-packages/django/__init__.py first seen with mtime 1712213523.0
File /usr/lib/python3.12/site-packages/django/core/signing.py first seen with mtime 1712213523.0
File /usr/lib/python3.12/site-packages/django/db/models/fields/related_lookups.py first seen with mtime 1712213523.0
File /usr/lib/python3.12/sysconfig.py first seen with mtime 1713863767.0
File /usr/lib/python3.12/site-packages/pymysql/constants/ER.py first seen with mtime 1712351615.0
File /usr/lib/python3.12/site-packages/django/contrib/admin/templatetags/admin_urls.py first seen with mtime 1712213523.0
File /home/vanshgoel/Vansh/Code/Web/Django/resume_parser/manage.py first seen with mtime 1716113208.4532545
File /usr/lib/python3.12/lib-dynload/_sha2.cpython-312-x86_64-linux-gnu.so first seen with mtime 1713863767.0
File /usr/lib/python3.12/lib-dynload/_blake2.cpython-312-x86_64-linux-gnu.so first seen with mtime 1713863767.0
File /usr/lib/python3.12/site-packages/cryptography/hazmat/primitives/_cipheralgorithm.py first seen with mtime 1715330755.0
File /usr/lib/python3.12/site-packages/django/views/generic/dates.py first seen with mtime 1712213523.0
File /usr/lib/python3.12/site-packages/django/contrib/auth/tokens.py first seen with mtime 1712213523.0
File /usr/lib/python3.12/site-packages/django/core/files/storage/handler.py first seen with mtime 1712213523.0
File /usr/lib/python3.12/asyncio/streams.py first seen with mtime 1713863767.0
File /usr/lib/python3.12/signal.py first seen with mtime 1713863767.0
File /usr/lib/python3.12/lib-dynload/_contextvars.cpython-312-x86_64-linux-gnu.so first seen with mtime 1713863767.0
File /usr/lib/python3.12/site-packages/django/core/checks/database.py first seen with mtime 1712213523.0
File /usr/lib/python3.12/email/mime/nonmultipart.py first seen with mtime 1713863767.0
File /usr/lib/python3.12/json/scanner.py first seen with mtime 1713863767.0
File /usr/lib/python3.12/site-packages/django/db/models/aggregates.py first seen with mtime 1712213523.0
File /usr/lib/python3.12/urllib/parse.py first seen with mtime 1713863767.0
File /usr/lib/python3.12/site-packages/django/core/checks/compatibility/__init__.py first seen with mtime 1712213523.0
File /usr/lib/python3.12/site-packages/django/db/migrations/operations/fields.py first seen with mtime 1712213523.0
File /usr/lib/python3.12/site-packages/django/templatetags/static.py first seen with mtime 1712213523.0
File /usr/lib/python3.12/site-packages/django/core/paginator.py first seen with mtime 1712213523.0
File /usr/lib/python3.12/site-packages/django/core/handlers/__init__.py first seen with mtime 1712213523.0
File /usr/lib/python3.12/site-packages/django/core/mail/message.py first seen with mtime 1712213523.0
File /usr/lib/python3.12/lib-dynload/fcntl.cpython-312-x86_64-linux-gnu.so first seen with mtime 1713863767.0
File /usr/lib/python3.12/re/__init__.py first seen with mtime 1713863767.0
File /usr/lib/python3.12/site-packages/django/contrib/contenttypes/admin.py first seen with mtime 1712213523.0
File /usr/lib/python3.12/asyncio/runners.py first seen with mtime 1713863767.0
File /usr/lib/python3.12/site-packages/pymysql/constants/CR.py first seen with mtime 1712351615.0
File /usr/lib/python3.12/site-packages/django/db/backends/base/creation.py first seen with mtime 1712213523.0
File /usr/lib/python3.12/site-packages/django/http/request.py first seen with mtime 1712213523.0
File /usr/lib/python3.12/asyncio/trsock.py first seen with mtime 1713863767.0
File /usr/lib/python3.12/site-packages/sqlparse/filters/tokens.py first seen with mtime 1712213292.0
File /usr/lib/python3.12/lib-dynload/_asyncio.cpython-312-x86_64-linux-gnu.so first seen with mtime 1713863767.0
File /usr/lib/python3.12/__future__.py first seen with mtime 1713863767.0
File /usr/lib/python3.12/site-packages/django/core/files/storage/memory.py first seen with mtime 1712213523.0
File /usr/lib/python3.12/site-packages/django/db/models/sql/where.py first seen with mtime 1712213523.0
File /usr/lib/python3.12/wsgiref/util.py first seen with mtime 1713863767.0
File /usr/lib/python3.12/site-packages/django/db/backends/base/schema.py first seen with mtime 1712213523.0
File /usr/lib/python3.12/site-packages/cryptography/hazmat/primitives/asymmetric/padding.py first seen with mtime 1715330755.0
File /usr/lib/python3.12/concurrent/futures/thread.py first seen with mtime 1713863767.0
File /usr/lib/python3.12/site-packages/django/db/backends/__init__.py first seen with mtime 1712213523.0
File /usr/lib/python3.12/site-packages/django/dispatch/dispatcher.py first seen with mtime 1712213523.0
File /usr/lib/python3.12/concurrent/futures/_base.py first seen with mtime 1713863767.0
File /usr/lib/python3.12/site-packages/django/template/defaultfilters.py first seen with mtime 1712213523.0
File /usr/lib/python3.12/site-packages/django/contrib/admin/checks.py first seen with mtime 1712213523.0
File /usr/lib/python3.12/site-packages/django/contrib/__init__.py first seen with mtime 1712213523.0
File /usr/lib/python3.12/site-packages/sqlparse/exceptions.py first seen with mtime 1712213292.0
File /usr/lib/python3.12/email/headerregistry.py first seen with mtime 1713863767.0
File /usr/lib/python3.12/site-packages/django/template/smartif.py first seen with mtime 1712213523.0
File /usr/lib/python3.12/site-packages/cryptography/hazmat/primitives/asymmetric/ec.py first seen with mtime 1715330755.0
File /usr/lib/python3.12/site-packages/bcrypt/_bcrypt.cpython-312-x86_64-linux-gnu.so first seen with mtime 1712289512.0
File /usr/lib/python3.12/site-packages/django/template/exceptions.py first seen with mtime 1712213523.0
File /usr/lib/python3.12/site-packages/django/db/models/query_utils.py first seen with mtime 1712213523.0
File /usr/lib/python3.12/site-packages/django/template/response.py first seen with mtime 1712213523.0
File /usr/lib/python3.12/site-packages/django/template/backends/base.py first seen with mtime 1712213523.0
File /usr/lib/python3.12/site-packages/django/core/files/storage/base.py first seen with mtime 1712213523.0
File /usr/lib/python3.12/site-packages/django/http/cookie.py first seen with mtime 1712213523.0
File /usr/lib/python3.12/email/mime/text.py first seen with mtime 1713863767.0
File /usr/lib/python3.12/site-packages/django/contrib/staticfiles/utils.py first seen with mtime 1712213523.0
File /usr/lib/python3.12/site-packages/django/contrib/admin/apps.py first seen with mtime 1712213523.0
File /usr/lib/python3.12/importlib/__init__.py first seen with mtime 1713863767.0
File /usr/lib/python3.12/selectors.py first seen with mtime 1713863767.0
File /usr/lib/python3.12/site-packages/django/contrib/admin/sites.py first seen with mtime 1712213523.0
File /usr/lib/python3.12/site-packages/django/core/cache/backends/filebased.py first seen with mtime 1712213523.0
File /usr/lib/python3.12/copyreg.py first seen with mtime 1713863767.0
File /usr/lib/python3.12/site-packages/django/db/backends/base/introspection.py first seen with mtime 1712213523.0
File /usr/lib/python3.12/http/server.py first seen with mtime 1713863767.0
File /usr/lib/python3.12/asyncio/exceptions.py first seen with mtime 1713863767.0
File /usr/lib/python3.12/site-packages/cryptography/hazmat/primitives/serialization/base.py first seen with mtime 1715330755.0
File /usr/lib/python3.12/uuid.py first seen with mtime 1713863767.0
File /usr/lib/python3.12/site-packages/django/contrib/messages/apps.py first seen with mtime 1712213523.0
File /usr/lib/python3.12/site-packages/django/utils/cache.py first seen with mtime 1712213523.0
File /usr/lib/python3.12/site-packages/django/utils/crypto.py first seen with mtime 1712213523.0
File /usr/lib/python3.12/site-packages/django/db/models/functions/__init__.py first seen with mtime 1712213523.0
File /usr/lib/python3.12/site-packages/django/template/library.py first seen with mtime 1712213523.0
File /usr/lib/python3.12/heapq.py first seen with mtime 1713863767.0
File /usr/lib/python3.12/re/_casefix.py first seen with mtime 1713863767.0
File /usr/lib/python3.12/importlib/_abc.py first seen with mtime 1713863767.0
File /usr/lib/python3.12/site-packages/django/contrib/auth/signals.py first seen with mtime 1712213523.0
File /usr/lib/python3.12/site-packages/django/contrib/admin/helpers.py first seen with mtime 1712213523.0
File /usr/lib/python3.12/lib-dynload/array.cpython-312-x86_64-linux-gnu.so first seen with mtime 1713863767.0
File /usr/lib/python3.12/site-packages/django/template/utils.py first seen with mtime 1712213523.0
File /usr/lib/python3.12/html/entities.py first seen with mtime 1713863767.0
File /usr/lib/python3.12/site-packages/django/db/migrations/__init__.py first seen with mtime 1712213523.0
File /usr/lib/python3.12/lib-dynload/_bisect.cpython-312-x86_64-linux-gnu.so first seen with mtime 1713863767.0
File /usr/lib/python3.12/site-packages/django/utils/dateformat.py first seen with mtime 1712213523.0
File /usr/lib/python3.12/site-packages/django/contrib/sessions/base_session.py first seen with mtime 1712213523.0
File /usr/lib/python3.12/site-packages/pymysql/constants/FIELD_TYPE.py first seen with mtime 1712351615.0
File /usr/lib/python3.12/site-packages/django/template/loaders/cached.py first seen with mtime 1712213523.0
File /usr/lib/python3.12/site-packages/django/core/checks/files.py first seen with mtime 1712213523.0
File /usr/lib/python3.12/email/mime/multipart.py first seen with mtime 1713863767.0
File /usr/lib/python3.12/asyncio/taskgroups.py first seen with mtime 1713863767.0
File /usr/lib/python3.12/site-packages/django/db/backends/signals.py first seen with mtime 1712213523.0
File /usr/lib/python3.12/site-packages/django/core/servers/basehttp.py first seen with mtime 1712213523.0
File /usr/lib/python3.12/site-packages/django/contrib/auth/apps.py first seen with mtime 1712213523.0
File /usr/lib/python3.12/asyncio/timeouts.py first seen with mtime 1713863767.0
File /usr/lib/python3.12/site-packages/pymysql/converters.py first seen with mtime 1712351615.0
File /usr/lib/python3.12/quopri.py first seen with mtime 1713863767.0
File /usr/lib/python3.12/site-packages/django/db/backends/base/operations.py first seen with mtime 1712213523.0
File /usr/lib/python3.12/site-packages/django/apps/registry.py first seen with mtime 1712213523.0
File /usr/lib/python3.12/site-packages/django/template/autoreload.py first seen with mtime 1712213523.0
File /usr/lib/python3.12/http/__init__.py first seen with mtime 1713863767.0
File /usr/lib/python3.12/keyword.py first seen with mtime 1713863767.0
File /usr/lib/python3.12/wsgiref/handlers.py first seen with mtime 1713863767.0
File /usr/lib/python3.12/site-packages/django/core/checks/security/base.py first seen with mtime 1712213523.0
File /usr/lib/python3.12/configparser.py first seen with mtime 1713863767.0
File /usr/lib/python3.12/site-packages/django/utils/encoding.py first seen with mtime 1712213523.0
File /usr/lib/python3.12/site-packages/django/db/backends/base/validation.py first seen with mtime 1712213523.0
File /usr/lib/python3.12/site-packages/django/contrib/sessions/__init__.py first seen with mtime 1712213523.0
File /usr/lib/python3.12/site-packages/django/utils/version.py first seen with mtime 1712213523.0
File /usr/lib/python3.12/asyncio/queues.py first seen with mtime 1713863767.0
File /usr/lib/python3.12/site-packages/django/core/management/color.py first seen with mtime 1712213523.0
File /usr/lib/python3.12/site-packages/django/apps/config.py first seen with mtime 1712213523.0
File /usr/lib/python3.12/json/__init__.py first seen with mtime 1713863767.0
File /usr/lib/python3.12/asyncio/constants.py first seen with mtime 1713863767.0
File /usr/lib/python3.12/reprlib.py first seen with mtime 1713863767.0
File /usr/lib/python3.12/site-packages/django/core/checks/security/csrf.py first seen with mtime 1712213523.0
File /usr/lib/python3.12/site-packages/django/core/management/commands/runserver.py first seen with mtime 1712213523.0
File /usr/lib/python3.12/site-packages/django/contrib/auth/hashers.py first seen with mtime 1712213523.0
File /usr/lib/python3.12/site-packages/django/core/management/commands/__init__.py first seen with mtime 1712213523.0
File /usr/lib/python3.12/site-packages/sqlparse/lexer.py first seen with mtime 1712213292.0
File /home/vanshgoel/Vansh/Code/Web/Django/resume_parser/registration/templates/home.html first seen with mtime 1716123313.4931474
File /home/vanshgoel/Vansh/Code/Web/Django/resume_parser/registration/templates/upload.html first seen with mtime 1716131736.0812337
File /home/vanshgoel/Vansh/Code/Web/Django/resume_parser/registration/templates/filledForm.html first seen with mtime 1716131749.4763365
File /home/vanshgoel/Vansh/Code/Web/Django/resume_parser/registration/templates/success.html first seen with mtime 1716132199.300261
File /home/vanshgoel/Vansh/Code/Web/Django/resume_parser/resume_parser/settings.py previous mtime: 1716132705.207283, current mtime: 1716132737.7491493
/home/vanshgoel/Vansh/Code/Web/Django/resume_parser/resume_parser/settings.py notified as changed. Signal results: [(<function template_changed at 0x72924a79ab60>, None), (<function translation_file_changed at 0x729249a66520>, None)].
/home/vanshgoel/Vansh/Code/Web/Django/resume_parser/resume_parser/settings.py changed, reloading.
